[21:36:06] [ServerMain/INFO]: Building unoptimized datafixer
[21:36:08] [ServerMain/INFO]: Environment: authHost='https://authserver.mojang.com', accountsHost='https://api.mojang.com', sessionHost='https://sessionserver.mojang.com', servicesHost='https://api.minecraftservices.com', name='PROD'
[21:36:10] [ServerMain/INFO]: Loaded 7 recipes
[21:36:12] [Server thread/INFO]: Starting minecraft server version 1.19
[21:36:12] [Server thread/WARN]: ****************************
[21:36:12] [Server thread/WARN]: YOU ARE RUNNING THIS SERVER AS AN ADMINISTRATIVE OR ROOT USER. THIS IS NOT ADVISED.
[21:36:12] [Server thread/WARN]: YOU ARE OPENING YOURSELF UP TO POTENTIAL RISKS WHEN DOING THIS.
[21:36:12] [Server thread/WARN]: FOR MORE INFORMATION, SEE https://madelinemiller.dev/blog/root-minecraft-server/
[21:36:12] [Server thread/WARN]: ****************************
[21:36:12] [Server thread/INFO]: Loading properties
[21:36:12] [Server thread/INFO]: This server is running Paper version git-Paper-81 (MC: 1.19) (Implementing API version 1.19-R0.1-SNAPSHOT) (Git: 86f87ba)
[21:36:12] [Server thread/INFO]: Server Ping Player Sample Count: 12
[21:36:12] [Server thread/INFO]: Using 4 threads for Netty based IO
[21:36:12] [Server thread/INFO]: Default game type: SURVIVAL
[21:36:12] [Server thread/INFO]: Generating keypair
[21:36:13] [Server thread/INFO]: Starting Minecraft server on *:25565
[21:36:13] [Server thread/INFO]: Using epoll channel type
[21:36:13] [Server thread/INFO]: Paper: Using libdeflate (Linux x86_64) compression from Velocity.
[21:36:13] [Server thread/INFO]: Paper: Using OpenSSL 1.1.x (Linux x86_64) cipher from Velocity.
[21:36:13] [Server thread/ERROR]: Could not load 'plugins/waterblock-2.1.jar' in folder 'plugins'
org.bukkit.plugin.InvalidDescriptionException: Invalid plugin.yml
	at org.bukkit.plugin.java.JavaPluginLoader.getPluginDescription(JavaPluginLoader.java:178) ~[paper-api-1.19-R0.1-SNAPSHOT.jar:?]
	at org.bukkit.plugin.SimplePluginManager.loadPlugins(SimplePluginManager.java:155) ~[paper-api-1.19-R0.1-SNAPSHOT.jar:?]
	at org.bukkit.craftbukkit.v1_19_R1.CraftServer.loadPlugins(CraftServer.java:421) ~[paper-1.19.jar:git-Paper-81]
	at net.minecraft.server.dedicated.DedicatedServer.initServer(DedicatedServer.java:278) ~[paper-1.19.jar:git-Paper-81]
	at net.minecraft.server.MinecraftServer.runServer(MinecraftServer.java:1122) ~[paper-1.19.jar:git-Paper-81]
	at net.minecraft.server.MinecraftServer.lambda$spin$0(MinecraftServer.java:303) ~[paper-1.19.jar:git-Paper-81]
	at java.lang.Thread.run(Thread.java:1583) ~[?:?]
Caused by: java.io.FileNotFoundException: Jar does not contain plugin.yml
	... 7 more
[21:36:13] [Server thread/ERROR]: Could not load 'plugins/Yakone-1.0.0.jar' in folder 'plugins'
org.bukkit.plugin.InvalidDescriptionException: Invalid plugin.yml
	at org.bukkit.plugin.java.JavaPluginLoader.getPluginDescription(JavaPluginLoader.java:178) ~[paper-api-1.19-R0.1-SNAPSHOT.jar:?]
	at org.bukkit.plugin.SimplePluginManager.loadPlugins(SimplePluginManager.java:155) ~[paper-api-1.19-R0.1-SNAPSHOT.jar:?]
	at org.bukkit.craftbukkit.v1_19_R1.CraftServer.loadPlugins(CraftServer.java:421) ~[paper-1.19.jar:git-Paper-81]
	at net.minecraft.server.dedicated.DedicatedServer.initServer(DedicatedServer.java:278) ~[paper-1.19.jar:git-Paper-81]
	at net.minecraft.server.MinecraftServer.runServer(MinecraftServer.java:1122) ~[paper-1.19.jar:git-Paper-81]
	at net.minecraft.server.MinecraftServer.lambda$spin$0(MinecraftServer.java:303) ~[paper-1.19.jar:git-Paper-81]
	at java.lang.Thread.run(Thread.java:1583) ~[?:?]
Caused by: java.io.FileNotFoundException: Jar does not contain plugin.yml
	... 7 more
[21:36:14] [Server thread/INFO]: [ViaVersion] Loading ViaVersion v4.9.3
[21:36:14] [Server thread/INFO]: [ViaVersion] ViaVersion 4.9.3 is now loaded. Registering protocol transformers and injecting...
[21:36:14] [Via-Mappingloader-0/INFO]: [ViaVersion] Loading block connection mappings ...
[21:36:14] [Via-Mappingloader-0/INFO]: [ViaVersion] Using FastUtil Long2ObjectOpenHashMap for block connections
[21:36:14] [Server thread/INFO]: [ViaBackwards] Loading translations...
[21:36:14] [Server thread/INFO]: [ViaBackwards] Registering protocols...
[21:36:15] [Server thread/INFO]: [ViaBackwards] Loading ViaBackwards v4.9.2
[21:36:15] [Server thread/INFO]: [PlaceholderAPI] Loading PlaceholderAPI v2.11.5
[21:36:15] [Server thread/INFO]: [ProtocolLib] Loading ProtocolLib v5.1.0
[21:36:16] [Server thread/INFO]: [ViaRewind] Loading ViaRewind v3.0.6
[21:36:16] [Server thread/INFO]: [ProjectKorra] Loading ProjectKorra v1.11.2
[21:36:16] [Server thread/INFO]: Server permissions file permissions.yml is empty, ignoring it
[21:36:16] [Server thread/INFO]: [ProtocolLib] Enabling ProtocolLib v5.1.0
[21:36:16] [Server thread/INFO]: [ViaRewind] Enabling ViaRewind v3.0.6
[21:36:16] [Server thread/WARN]: **** SERVER IS RUNNING IN OFFLINE/INSECURE MODE!
[21:36:16] [Server thread/WARN]: The server will make no attempt to authenticate usernames. Beware.
[21:36:16] [Server thread/WARN]: Whilst this makes it possible to use BungeeCord, unless access to your server is properly restricted, it also opens up the ability for hackers to connect with any username they choose.
[21:36:16] [Server thread/WARN]: Please see http://www.spigotmc.org/wiki/firewall-guide/ for further information.
[21:36:16] [Server thread/WARN]: To change this, set "online-mode" to "true" in the server.properties file.
[21:36:16] [Server thread/INFO]: Preparing level "world"
[21:36:16] [Server thread/INFO]: -------- World Settings For [world] --------
[21:36:16] [Server thread/INFO]: View Distance: 10
[21:36:16] [Server thread/INFO]: Simulation Distance: 10
[21:36:16] [Server thread/INFO]: Item Merge Radius: 2.5
[21:36:16] [Server thread/INFO]: Item Despawn Rate: 6000
[21:36:16] [Server thread/INFO]: Allow Zombie Pigmen to spawn from portal blocks: true
[21:36:16] [Server thread/INFO]: Arrow Despawn Rate: 1200 Trident Respawn Rate:1200
[21:36:16] [Server thread/INFO]: Zombie Aggressive Towards Villager: true
[21:36:16] [Server thread/INFO]: Nerfing mobs spawned from spawners: false
[21:36:16] [Server thread/INFO]: Mob Spawn Range: 4
[21:36:16] [Server thread/INFO]: Experience Merge Radius: 3.0
[21:36:16] [Server thread/INFO]: Cactus Growth Modifier: 100%
[21:36:16] [Server thread/INFO]: Cane Growth Modifier: 100%
[21:36:16] [Server thread/INFO]: Melon Growth Modifier: 100%
[21:36:16] [Server thread/INFO]: Mushroom Growth Modifier: 100%
[21:36:16] [Server thread/INFO]: Pumpkin Growth Modifier: 100%
[21:36:16] [Server thread/INFO]: Sapling Growth Modifier: 100%
[21:36:16] [Server thread/INFO]: Beetroot Growth Modifier: 100%
[21:36:16] [Server thread/INFO]: Carrot Growth Modifier: 100%
[21:36:16] [Server thread/INFO]: Potato Growth Modifier: 100%
[21:36:16] [Server thread/INFO]: Wheat Growth Modifier: 100%
[21:36:16] [Server thread/INFO]: NetherWart Growth Modifier: 100%
[21:36:16] [Server thread/INFO]: Vine Growth Modifier: 100%
[21:36:16] [Server thread/INFO]: Cocoa Growth Modifier: 100%
[21:36:16] [Server thread/INFO]: Bamboo Growth Modifier: 100%
[21:36:16] [Server thread/INFO]: SweetBerry Growth Modifier: 100%
[21:36:16] [Server thread/INFO]: Kelp Growth Modifier: 100%
[21:36:16] [Server thread/INFO]: TwistingVines Growth Modifier: 100%
[21:36:16] [Server thread/INFO]: WeepingVines Growth Modifier: 100%
[21:36:16] [Server thread/INFO]: CaveVines Growth Modifier: 100%
[21:36:16] [Server thread/INFO]: GlowBerry Growth Modifier: 100%
[21:36:16] [Server thread/INFO]: Entity Activation Range: An 32 / Mo 32 / Ra 48 / Mi 16 / Tiv true / Isa false
[21:36:16] [Server thread/INFO]: Entity Tracking Range: Pl 48 / An 48 / Mo 48 / Mi 32 / Other 64
[21:36:16] [Server thread/INFO]: Hopper Transfer: 8 Hopper Check: 1 Hopper Amount: 1 Hopper Can Load Chunks: false
[21:36:16] [Server thread/INFO]: Custom Map Seeds:  Village: 10387312 Desert: 14357617 Igloo: 14357618 Jungle: 14357619 Swamp: 14357620 Monument: 10387313 Ocean: 14357621 Shipwreck: 165745295 End City: 10387313 Slime: 987234911 Nether: 30084232 Mansion: 10387319 Fossil: 14357921 Portal: 34222645
[21:36:16] [Server thread/INFO]: Max TNT Explosions: 100
[21:36:16] [Server thread/INFO]: Tile Max Tick Time: 50ms Entity max Tick Time: 50ms
[21:36:17] [Server thread/INFO]: -------- World Settings For [world_nether] --------
[21:36:17] [Server thread/INFO]: View Distance: 10
[21:36:17] [Server thread/INFO]: Simulation Distance: 10
[21:36:17] [Server thread/INFO]: Item Merge Radius: 2.5
[21:36:17] [Server thread/INFO]: Item Despawn Rate: 6000
[21:36:17] [Server thread/INFO]: Allow Zombie Pigmen to spawn from portal blocks: true
[21:36:17] [Server thread/INFO]: Arrow Despawn Rate: 1200 Trident Respawn Rate:1200
[21:36:17] [Server thread/INFO]: Zombie Aggressive Towards Villager: true
[21:36:17] [Server thread/INFO]: Nerfing mobs spawned from spawners: false
[21:36:17] [Server thread/INFO]: Mob Spawn Range: 4
[21:36:17] [Server thread/INFO]: Experience Merge Radius: 3.0
[21:36:17] [Server thread/INFO]: Cactus Growth Modifier: 100%
[21:36:17] [Server thread/INFO]: Cane Growth Modifier: 100%
[21:36:17] [Server thread/INFO]: Melon Growth Modifier: 100%
[21:36:17] [Server thread/INFO]: Mushroom Growth Modifier: 100%
[21:36:17] [Server thread/INFO]: Pumpkin Growth Modifier: 100%
[21:36:17] [Server thread/INFO]: Sapling Growth Modifier: 100%
[21:36:17] [Server thread/INFO]: Beetroot Growth Modifier: 100%
[21:36:17] [Server thread/INFO]: Carrot Growth Modifier: 100%
[21:36:17] [Server thread/INFO]: Potato Growth Modifier: 100%
[21:36:17] [Server thread/INFO]: Wheat Growth Modifier: 100%
[21:36:17] [Server thread/INFO]: NetherWart Growth Modifier: 100%
[21:36:17] [Server thread/INFO]: Vine Growth Modifier: 100%
[21:36:17] [Server thread/INFO]: Cocoa Growth Modifier: 100%
[21:36:17] [Server thread/INFO]: Bamboo Growth Modifier: 100%
[21:36:17] [Server thread/INFO]: SweetBerry Growth Modifier: 100%
[21:36:17] [Server thread/INFO]: Kelp Growth Modifier: 100%
[21:36:17] [Server thread/INFO]: TwistingVines Growth Modifier: 100%
[21:36:17] [Server thread/INFO]: WeepingVines Growth Modifier: 100%
[21:36:17] [Server thread/INFO]: CaveVines Growth Modifier: 100%
[21:36:17] [Server thread/INFO]: GlowBerry Growth Modifier: 100%
[21:36:17] [Server thread/INFO]: Entity Activation Range: An 32 / Mo 32 / Ra 48 / Mi 16 / Tiv true / Isa false
[21:36:17] [Server thread/INFO]: Entity Tracking Range: Pl 48 / An 48 / Mo 48 / Mi 32 / Other 64
[21:36:17] [Server thread/INFO]: Hopper Transfer: 8 Hopper Check: 1 Hopper Amount: 1 Hopper Can Load Chunks: false
[21:36:17] [Server thread/INFO]: Custom Map Seeds:  Village: 10387312 Desert: 14357617 Igloo: 14357618 Jungle: 14357619 Swamp: 14357620 Monument: 10387313 Ocean: 14357621 Shipwreck: 165745295 End City: 10387313 Slime: 987234911 Nether: 30084232 Mansion: 10387319 Fossil: 14357921 Portal: 34222645
[21:36:17] [Server thread/INFO]: Max TNT Explosions: 100
[21:36:17] [Server thread/INFO]: Tile Max Tick Time: 50ms Entity max Tick Time: 50ms
[21:36:30] [Server thread/INFO]: -------- World Settings For [world_the_end] --------
[21:36:30] [Server thread/INFO]: View Distance: 10
[21:36:30] [Server thread/INFO]: Simulation Distance: 10
[21:36:30] [Server thread/INFO]: Item Merge Radius: 2.5
[21:36:30] [Server thread/INFO]: Item Despawn Rate: 6000
[21:36:30] [Server thread/INFO]: Allow Zombie Pigmen to spawn from portal blocks: true
[21:36:30] [Server thread/INFO]: Arrow Despawn Rate: 1200 Trident Respawn Rate:1200
[21:36:30] [Server thread/INFO]: Zombie Aggressive Towards Villager: true
[21:36:30] [Server thread/INFO]: Nerfing mobs spawned from spawners: false
[21:36:30] [Server thread/INFO]: Mob Spawn Range: 4
[21:36:30] [Server thread/INFO]: Experience Merge Radius: 3.0
[21:36:30] [Server thread/INFO]: Cactus Growth Modifier: 100%
[21:36:30] [Server thread/INFO]: Cane Growth Modifier: 100%
[21:36:30] [Server thread/INFO]: Melon Growth Modifier: 100%
[21:36:30] [Server thread/INFO]: Mushroom Growth Modifier: 100%
[21:36:30] [Server thread/INFO]: Pumpkin Growth Modifier: 100%
[21:36:30] [Server thread/INFO]: Sapling Growth Modifier: 100%
[21:36:30] [Server thread/INFO]: Beetroot Growth Modifier: 100%
[21:36:30] [Server thread/INFO]: Carrot Growth Modifier: 100%
[21:36:30] [Server thread/INFO]: Potato Growth Modifier: 100%
[21:36:30] [Server thread/INFO]: Wheat Growth Modifier: 100%
[21:36:30] [Server thread/INFO]: NetherWart Growth Modifier: 100%
[21:36:30] [Server thread/INFO]: Vine Growth Modifier: 100%
[21:36:30] [Server thread/INFO]: Cocoa Growth Modifier: 100%
[21:36:30] [Server thread/INFO]: Bamboo Growth Modifier: 100%
[21:36:30] [Server thread/INFO]: SweetBerry Growth Modifier: 100%
[21:36:30] [Server thread/INFO]: Kelp Growth Modifier: 100%
[21:36:30] [Server thread/INFO]: TwistingVines Growth Modifier: 100%
[21:36:30] [Server thread/INFO]: WeepingVines Growth Modifier: 100%
[21:36:30] [Server thread/INFO]: CaveVines Growth Modifier: 100%
[21:36:30] [Server thread/INFO]: GlowBerry Growth Modifier: 100%
[21:36:30] [Server thread/INFO]: Entity Activation Range: An 32 / Mo 32 / Ra 48 / Mi 16 / Tiv true / Isa false
[21:36:30] [Server thread/INFO]: Entity Tracking Range: Pl 48 / An 48 / Mo 48 / Mi 32 / Other 64
[21:36:30] [Server thread/INFO]: Hopper Transfer: 8 Hopper Check: 1 Hopper Amount: 1 Hopper Can Load Chunks: false
[21:36:30] [Server thread/INFO]: Custom Map Seeds:  Village: 10387312 Desert: 14357617 Igloo: 14357618 Jungle: 14357619 Swamp: 14357620 Monument: 10387313 Ocean: 14357621 Shipwreck: 165745295 End City: 10387313 Slime: 987234911 Nether: 30084232 Mansion: 10387319 Fossil: 14357921 Portal: 34222645
[21:36:30] [Server thread/INFO]: Max TNT Explosions: 100
[21:36:30] [Server thread/INFO]: Tile Max Tick Time: 50ms Entity max Tick Time: 50ms
[21:36:30] [Server thread/INFO]: Preparing start region for dimension minecraft:overworld
[21:36:31] [Server thread/INFO]: Time elapsed: 479 ms
[21:36:31] [Server thread/INFO]: Preparing start region for dimension minecraft:the_nether
[21:36:31] [Server thread/INFO]: Time elapsed: 316 ms
[21:36:31] [Server thread/INFO]: Preparing start region for dimension minecraft:the_end
[21:36:31] [Server thread/INFO]: Time elapsed: 168 ms
[21:36:31] [Server thread/INFO]: [ViaVersion] Enabling ViaVersion v4.9.3
[21:36:32] [Server thread/INFO]: [ViaVersion] ViaVersion detected server version: 1.19 (759)
[21:36:32] [Server thread/INFO]: [ViaBackwards] Enabling ViaBackwards v4.9.2
[21:36:32] [Server thread/INFO]: [PlaceholderAPI] Enabling PlaceholderAPI v2.11.5
[21:36:32] [Server thread/INFO]: [PlaceholderAPI] Fetching available expansion information...
[21:36:32] [Server thread/INFO]: [ProjectKorra] Enabling ProjectKorra v1.11.2
[21:36:34] [Server thread/WARN]: [ProjectKorra] The JAR file Landslide.jar is a plugin and not an ability! Put it in the plugins folder!
[21:36:34] [Server thread/WARN]: [ProjectKorra] The JAR file Dash.jar is a plugin and not an ability! Put it in the plugins folder!
[21:36:34] [Server thread/WARN]: [ProjectKorra] The JAR file Deflect - Sammycocobear.jar is a plugin and not an ability! Put it in the plugins folder!
[21:36:34] [Server thread/WARN]: [ProjectKorra] The JAR file FireSwirl.jar is a plugin and not an ability! Put it in the plugins folder!
[21:36:34] [Server thread/WARN]: [ProjectKorra] The JAR file AirDash-1.0.0.jar is a plugin and not an ability! Put it in the plugins folder!
[21:36:34] [Server thread/WARN]: [ProjectKorra] The JAR file EarthSpike.jar is a plugin and not an ability! Put it in the plugins folder!
[21:36:34] [Server thread/WARN]: [ProjectKorra] The JAR file DirtBlast.jar is a plugin and not an ability! Put it in the plugins folder!
[21:36:34] [Server thread/WARN]: [ProjectKorra] The JAR file FieryRage-1.0.0.jar is a plugin and not an ability! Put it in the plugins folder!
[21:36:34] [Server thread/WARN]: [ProjectKorra] The JAR file PKMenu-1.1.jar is a plugin and not an ability! Put it in the plugins folder!
[21:36:34] [Server thread/WARN]: [ProjectKorra] The JAR file SCBPKHackathon.jar is a plugin and not an ability! Put it in the plugins folder!
[21:36:34] [Server thread/WARN]: [ProjectKorra] The JAR file AirTendril-Sammycocobear.jar is a plugin and not an ability! Put it in the plugins folder!
[21:36:34] [Server thread/WARN]: [ProjectKorra] The JAR file daggers-1.0.0.jar is a plugin and not an ability! Put it in the plugins folder!
[21:36:35] [Server thread/WARN]: [ProjectKorra] The JAR file Coco.jar is a plugin and not an ability! Put it in the plugins folder!
[21:36:35] [Server thread/WARN]: [ProjectKorra] The JAR file BloodShards-1.0-SNAPSHOT.jar is a plugin and not an ability! Put it in the plugins folder!
[21:36:35] [Server thread/INFO]: CloudBurst v1.0Developed by EmeraldJelly has been enabled!
[21:36:35] [Server thread/INFO]: [ProjectKorra] Geyser 1.0 by DreamerBoy loaded! 
[21:36:35] [Server thread/INFO]: [ProjectKorra] Successfully enabled EarthWalk 1.0.1 by Seabarrel
[21:36:35] [Server thread/INFO]: [ProjectKorra] Succesfully enabled RagingFire by Hiro3
[21:36:35] [Server thread/INFO]: [ProjectKorra] Disengage by Prride Build 1 loaded!
[21:36:35] [Server thread/INFO]: [ProjectKorra] AirJump by Loony 1.1.1 has been loaded!
[21:36:35] [Server thread/INFO]: [ProjectKorra] Succesfully enabled EarthMole by Hiro3
[21:36:35] [Server thread/INFO]: [ProjectKorra] AirLift 1.2 by xLumos loaded! 
[21:36:35] [Server thread/INFO]: [ProjectKorra] BloodLet 1.2 by xLumos loaded! 
[21:36:36] [Server thread/INFO]: [ProjectKorra] ChestPalm 1.1 by xLumos loaded! 
[21:36:36] [Server thread/INFO]: [ProjectKorra] CrystalPrison 1.4 by xLumos loaded baked potatoes! 
[21:36:36] [Server thread/INFO]: [ProjectKorra] DragonFire 1.1 by xLumos loaded! 
[21:36:36] [Server thread/INFO]: [ProjectKorra] DustDevils 1.1 by xLumos loaded! 
[21:36:36] [Server thread/INFO]: [ProjectKorra] FireVortex 1.2 by xLumos loaded! 
[21:36:36] [Server thread/INFO]: [ProjectKorra] Flatulate 1.0 by xLumos loaded! 
[21:36:36] [Server thread/INFO]: [ProjectKorra] FrostCuffs 1.0 by xLumos loaded! 
[21:36:36] [Server thread/INFO]: [ProjectKorra] FrostTrap 1.2 by xLumos loaded! 
[21:36:36] [Server thread/INFO]: [ProjectKorra] HydroTherapy 1.1 by xLumos loaded! 
[21:36:36] [Server thread/INFO]: [ProjectKorra] Invoke 1.1 by xLumos loaded baked potatoes! 
[21:36:37] [Server thread/WARN]: java.io.IOException: Server returned HTTP response code: 401 for URL: https://images-wixmp-ed30a86b8c4ca887773594c2.wixmp.com/f/b2962ffe-ef86-4b12-8485-b5e02603bef0/deg4j7t-6747b469-ef80-415f-92e8-5ffb0db27578.png?token=eyJ0eXAiOiJKV1QiLCJhbGciOiJIUzI1NiJ9.eyJzdWIiOiJ1cm46YXBwOiIsImlzcyI6InVybjphcHA6Iiwib2JqIjpbW3sicGF0aCI6IlwvZlwvYjI5NjJmZmUtZWY4Ni00YjEyLTg0ODUtYjVlMDI2MDNiZWYwXC9kZWc0ajd0LTY3NDdiNDY5LWVmODAtNDE1Zi05MmU4LTVmZmIwZGIyNzU3OC5wbmcifV1dLCJhdWQiOlsidXJuOnNlcnZpY2U6ZmlsZS5kb3dubG9hZCJdfQ.SU2_7wAhjeJCvTYPvQjpvvW9azfbRej4EcwvAlxaFec
[21:36:37] [Server thread/WARN]: 	at java.base/sun.net.www.protocol.http.HttpURLConnection.getInputStream0(HttpURLConnection.java:1998)
[21:36:37] [Server thread/WARN]: 	at java.base/sun.net.www.protocol.http.HttpURLConnection.getInputStream(HttpURLConnection.java:1599)
[21:36:37] [Server thread/WARN]: 	at java.base/sun.net.www.protocol.https.HttpsURLConnectionImpl.getInputStream(HttpsURLConnectionImpl.java:223)
[21:36:37] [Server thread/WARN]: 	at java.base/java.net.URL.openStream(URL.java:1325)
[21:36:37] [Server thread/WARN]: 	at com.xLumos.Invoke.Invoke.getImage(Invoke.java:368)
[21:36:37] [Server thread/WARN]: 	at com.xLumos.Invoke.Invoke.loadImages(Invoke.java:356)
[21:36:37] [Server thread/WARN]: 	at com.xLumos.Invoke.Invoke.load(Invoke.java:349)
[21:36:37] [Server thread/WARN]: 	at ProjectKorra-1.11.2(1).jar//com.projectkorra.projectkorra.ability.CoreAbility.registerAddonAbilities(CoreAbility.java:632)
[21:36:37] [Server thread/WARN]: 	at ProjectKorra-1.11.2(1).jar//com.projectkorra.projectkorra.ability.CoreAbility.registerAbilities(CoreAbility.java:526)
[21:36:37] [Server thread/WARN]: 	at ProjectKorra-1.11.2(1).jar//com.projectkorra.projectkorra.ProjectKorra.onEnable(ProjectKorra.java:69)
[21:36:37] [Server thread/WARN]: 	at org.bukkit.plugin.java.JavaPlugin.setEnabled(JavaPlugin.java:264)
[21:36:37] [Server thread/WARN]: 	at org.bukkit.plugin.java.JavaPluginLoader.enablePlugin(JavaPluginLoader.java:370)
[21:36:37] [Server thread/WARN]: 	at org.bukkit.plugin.SimplePluginManager.enablePlugin(SimplePluginManager.java:542)
[21:36:37] [Server thread/WARN]: 	at org.bukkit.craftbukkit.v1_19_R1.CraftServer.enablePlugin(CraftServer.java:563)
[21:36:37] [Server thread/WARN]: 	at org.bukkit.craftbukkit.v1_19_R1.CraftServer.enablePlugins(CraftServer.java:477)
[21:36:37] [Server thread/WARN]: 	at net.minecraft.server.MinecraftServer.loadWorld0(MinecraftServer.java:634)
[21:36:37] [Server thread/WARN]: 	at net.minecraft.server.MinecraftServer.loadLevel(MinecraftServer.java:420)
[21:36:37] [Server thread/WARN]: 	at net.minecraft.server.dedicated.DedicatedServer.e(DedicatedServer.java:306)
[21:36:37] [Server thread/WARN]: 	at net.minecraft.server.MinecraftServer.v(MinecraftServer.java:1122)
[21:36:37] [Server thread/WARN]: 	at net.minecraft.server.MinecraftServer.lambda$spin$0(MinecraftServer.java:303)
[21:36:37] [Server thread/WARN]: 	at java.base/java.lang.Thread.run(Thread.java:1583)
[21:36:37] [Server thread/WARN]: java.io.IOException: Server returned HTTP response code: 401 for URL: https://images-wixmp-ed30a86b8c4ca887773594c2.wixmp.com/f/b2962ffe-ef86-4b12-8485-b5e02603bef0/deg4j9o-49670d1c-4f42-4455-8e0d-d52bcd4d3669.png?token=eyJ0eXAiOiJKV1QiLCJhbGciOiJIUzI1NiJ9.eyJzdWIiOiJ1cm46YXBwOiIsImlzcyI6InVybjphcHA6Iiwib2JqIjpbW3sicGF0aCI6IlwvZlwvYjI5NjJmZmUtZWY4Ni00YjEyLTg0ODUtYjVlMDI2MDNiZWYwXC9kZWc0ajlvLTQ5NjcwZDFjLTRmNDItNDQ1NS04ZTBkLWQ1MmJjZDRkMzY2OS5wbmcifV1dLCJhdWQiOlsidXJuOnNlcnZpY2U6ZmlsZS5kb3dubG9hZCJdfQ.GrUqR1lTR6UF5mDm1uO99fuXPQsG_q4qwm9hL7R0zp4
[21:36:37] [Server thread/WARN]: 	at java.base/sun.net.www.protocol.http.HttpURLConnection.getInputStream0(HttpURLConnection.java:1998)
[21:36:37] [Server thread/WARN]: 	at java.base/sun.net.www.protocol.http.HttpURLConnection.getInputStream(HttpURLConnection.java:1599)
[21:36:37] [Server thread/WARN]: 	at java.base/sun.net.www.protocol.https.HttpsURLConnectionImpl.getInputStream(HttpsURLConnectionImpl.java:223)
[21:36:37] [Server thread/WARN]: 	at java.base/java.net.URL.openStream(URL.java:1325)
[21:36:37] [Server thread/WARN]: 	at com.xLumos.Invoke.Invoke.getImage(Invoke.java:368)
[21:36:37] [Server thread/WARN]: 	at com.xLumos.Invoke.Invoke.loadImages(Invoke.java:357)
[21:36:37] [Server thread/WARN]: 	at com.xLumos.Invoke.Invoke.load(Invoke.java:349)
[21:36:37] [Server thread/WARN]: 	at ProjectKorra-1.11.2(1).jar//com.projectkorra.projectkorra.ability.CoreAbility.registerAddonAbilities(CoreAbility.java:632)
[21:36:37] [Server thread/WARN]: 	at ProjectKorra-1.11.2(1).jar//com.projectkorra.projectkorra.ability.CoreAbility.registerAbilities(CoreAbility.java:526)
[21:36:37] [Server thread/WARN]: 	at ProjectKorra-1.11.2(1).jar//com.projectkorra.projectkorra.ProjectKorra.onEnable(ProjectKorra.java:69)
[21:36:37] [Server thread/WARN]: 	at org.bukkit.plugin.java.JavaPlugin.setEnabled(JavaPlugin.java:264)
[21:36:37] [Server thread/WARN]: 	at org.bukkit.plugin.java.JavaPluginLoader.enablePlugin(JavaPluginLoader.java:370)
[21:36:37] [Server thread/WARN]: 	at org.bukkit.plugin.SimplePluginManager.enablePlugin(SimplePluginManager.java:542)
[21:36:37] [Server thread/WARN]: 	at org.bukkit.craftbukkit.v1_19_R1.CraftServer.enablePlugin(CraftServer.java:563)
[21:36:37] [Server thread/WARN]: 	at org.bukkit.craftbukkit.v1_19_R1.CraftServer.enablePlugins(CraftServer.java:477)
[21:36:37] [Server thread/WARN]: 	at net.minecraft.server.MinecraftServer.loadWorld0(MinecraftServer.java:634)
[21:36:37] [Server thread/WARN]: 	at net.minecraft.server.MinecraftServer.loadLevel(MinecraftServer.java:420)
[21:36:37] [Server thread/WARN]: 	at net.minecraft.server.dedicated.DedicatedServer.e(DedicatedServer.java:306)
[21:36:37] [Server thread/WARN]: 	at net.minecraft.server.MinecraftServer.v(MinecraftServer.java:1122)
[21:36:37] [Server thread/WARN]: 	at net.minecraft.server.MinecraftServer.lambda$spin$0(MinecraftServer.java:303)
[21:36:37] [Server thread/WARN]: 	at java.base/java.lang.Thread.run(Thread.java:1583)
[21:36:37] [Server thread/WARN]: java.io.IOException: Server returned HTTP response code: 401 for URL: https://images-wixmp-ed30a86b8c4ca887773594c2.wixmp.com/f/b2962ffe-ef86-4b12-8485-b5e02603bef0/deg4jlk-809f0e65-7709-4783-aa0a-cf6ec3c03d74.png?token=eyJ0eXAiOiJKV1QiLCJhbGciOiJIUzI1NiJ9.eyJzdWIiOiJ1cm46YXBwOiIsImlzcyI6InVybjphcHA6Iiwib2JqIjpbW3sicGF0aCI6IlwvZlwvYjI5NjJmZmUtZWY4Ni00YjEyLTg0ODUtYjVlMDI2MDNiZWYwXC9kZWc0amxrLTgwOWYwZTY1LTc3MDktNDc4My1hYTBhLWNmNmVjM2MwM2Q3NC5wbmcifV1dLCJhdWQiOlsidXJuOnNlcnZpY2U6ZmlsZS5kb3dubG9hZCJdfQ.cRawnPt4UfWl9dq4mhWOX0_EXjQYZvXbhKtCFq8_z9I
[21:36:37] [Server thread/WARN]: 	at java.base/sun.net.www.protocol.http.HttpURLConnection.getInputStream0(HttpURLConnection.java:1998)
[21:36:37] [Server thread/WARN]: 	at java.base/sun.net.www.protocol.http.HttpURLConnection.getInputStream(HttpURLConnection.java:1599)
[21:36:37] [Server thread/WARN]: 	at java.base/sun.net.www.protocol.https.HttpsURLConnectionImpl.getInputStream(HttpsURLConnectionImpl.java:223)
[21:36:37] [Server thread/WARN]: 	at java.base/java.net.URL.openStream(URL.java:1325)
[21:36:37] [Server thread/WARN]: 	at com.xLumos.Invoke.Invoke.getImage(Invoke.java:368)
[21:36:37] [Server thread/WARN]: 	at com.xLumos.Invoke.Invoke.loadImages(Invoke.java:358)
[21:36:37] [Server thread/WARN]: 	at com.xLumos.Invoke.Invoke.load(Invoke.java:349)
[21:36:37] [Server thread/WARN]: 	at ProjectKorra-1.11.2(1).jar//com.projectkorra.projectkorra.ability.CoreAbility.registerAddonAbilities(CoreAbility.java:632)
[21:36:37] [Server thread/WARN]: 	at ProjectKorra-1.11.2(1).jar//com.projectkorra.projectkorra.ability.CoreAbility.registerAbilities(CoreAbility.java:526)
[21:36:37] [Server thread/WARN]: 	at ProjectKorra-1.11.2(1).jar//com.projectkorra.projectkorra.ProjectKorra.onEnable(ProjectKorra.java:69)
[21:36:37] [Server thread/WARN]: 	at org.bukkit.plugin.java.JavaPlugin.setEnabled(JavaPlugin.java:264)
[21:36:37] [Server thread/WARN]: 	at org.bukkit.plugin.java.JavaPluginLoader.enablePlugin(JavaPluginLoader.java:370)
[21:36:37] [Server thread/WARN]: 	at org.bukkit.plugin.SimplePluginManager.enablePlugin(SimplePluginManager.java:542)
[21:36:37] [Server thread/WARN]: 	at org.bukkit.craftbukkit.v1_19_R1.CraftServer.enablePlugin(CraftServer.java:563)
[21:36:37] [Server thread/WARN]: 	at org.bukkit.craftbukkit.v1_19_R1.CraftServer.enablePlugins(CraftServer.java:477)
[21:36:37] [Server thread/WARN]: 	at net.minecraft.server.MinecraftServer.loadWorld0(MinecraftServer.java:634)
[21:36:37] [Server thread/WARN]: 	at net.minecraft.server.MinecraftServer.loadLevel(MinecraftServer.java:420)
[21:36:37] [Server thread/WARN]: 	at net.minecraft.server.dedicated.DedicatedServer.e(DedicatedServer.java:306)
[21:36:37] [Server thread/WARN]: 	at net.minecraft.server.MinecraftServer.v(MinecraftServer.java:1122)
[21:36:37] [Server thread/WARN]: 	at net.minecraft.server.MinecraftServer.lambda$spin$0(MinecraftServer.java:303)
[21:36:37] [Server thread/WARN]: 	at java.base/java.lang.Thread.run(Thread.java:1583)
[21:36:37] [Server thread/WARN]: java.io.IOException: Server returned HTTP response code: 401 for URL: https://images-wixmp-ed30a86b8c4ca887773594c2.wixmp.com/f/b2962ffe-ef86-4b12-8485-b5e02603bef0/deg4jbv-f9025f09-aceb-4884-9e6c-84fc83a0b5fb.png?token=eyJ0eXAiOiJKV1QiLCJhbGciOiJIUzI1NiJ9.eyJzdWIiOiJ1cm46YXBwOiIsImlzcyI6InVybjphcHA6Iiwib2JqIjpbW3sicGF0aCI6IlwvZlwvYjI5NjJmZmUtZWY4Ni00YjEyLTg0ODUtYjVlMDI2MDNiZWYwXC9kZWc0amJ2LWY5MDI1ZjA5LWFjZWItNDg4NC05ZTZjLTg0ZmM4M2EwYjVmYi5wbmcifV1dLCJhdWQiOlsidXJuOnNlcnZpY2U6ZmlsZS5kb3dubG9hZCJdfQ.NslTgchCnV9qN8WzjW5P8L7meE7gOanLgWpCWON4EOs
[21:36:37] [Server thread/WARN]: 	at java.base/sun.net.www.protocol.http.HttpURLConnection.getInputStream0(HttpURLConnection.java:1998)
[21:36:37] [Server thread/WARN]: 	at java.base/sun.net.www.protocol.http.HttpURLConnection.getInputStream(HttpURLConnection.java:1599)
[21:36:37] [Server thread/WARN]: 	at java.base/sun.net.www.protocol.https.HttpsURLConnectionImpl.getInputStream(HttpsURLConnectionImpl.java:223)
[21:36:37] [Server thread/WARN]: 	at java.base/java.net.URL.openStream(URL.java:1325)
[21:36:37] [Server thread/WARN]: 	at com.xLumos.Invoke.Invoke.getImage(Invoke.java:368)
[21:36:37] [Server thread/WARN]: 	at com.xLumos.Invoke.Invoke.loadImages(Invoke.java:359)
[21:36:37] [Server thread/WARN]: 	at com.xLumos.Invoke.Invoke.load(Invoke.java:349)
[21:36:37] [Server thread/WARN]: 	at ProjectKorra-1.11.2(1).jar//com.projectkorra.projectkorra.ability.CoreAbility.registerAddonAbilities(CoreAbility.java:632)
[21:36:37] [Server thread/WARN]: 	at ProjectKorra-1.11.2(1).jar//com.projectkorra.projectkorra.ability.CoreAbility.registerAbilities(CoreAbility.java:526)
[21:36:37] [Server thread/WARN]: 	at ProjectKorra-1.11.2(1).jar//com.projectkorra.projectkorra.ProjectKorra.onEnable(ProjectKorra.java:69)
[21:36:37] [Server thread/WARN]: 	at org.bukkit.plugin.java.JavaPlugin.setEnabled(JavaPlugin.java:264)
[21:36:37] [Server thread/WARN]: 	at org.bukkit.plugin.java.JavaPluginLoader.enablePlugin(JavaPluginLoader.java:370)
[21:36:37] [Server thread/WARN]: 	at org.bukkit.plugin.SimplePluginManager.enablePlugin(SimplePluginManager.java:542)
[21:36:37] [Server thread/WARN]: 	at org.bukkit.craftbukkit.v1_19_R1.CraftServer.enablePlugin(CraftServer.java:563)
[21:36:37] [Server thread/WARN]: 	at org.bukkit.craftbukkit.v1_19_R1.CraftServer.enablePlugins(CraftServer.java:477)
[21:36:37] [Server thread/WARN]: 	at net.minecraft.server.MinecraftServer.loadWorld0(MinecraftServer.java:634)
[21:36:37] [Server thread/WARN]: 	at net.minecraft.server.MinecraftServer.loadLevel(MinecraftServer.java:420)
[21:36:37] [Server thread/WARN]: 	at net.minecraft.server.dedicated.DedicatedServer.e(DedicatedServer.java:306)
[21:36:37] [Server thread/WARN]: 	at net.minecraft.server.MinecraftServer.v(MinecraftServer.java:1122)
[21:36:37] [Server thread/WARN]: 	at net.minecraft.server.MinecraftServer.lambda$spin$0(MinecraftServer.java:303)
[21:36:37] [Server thread/WARN]: 	at java.base/java.lang.Thread.run(Thread.java:1583)
[21:36:37] [Server thread/INFO]: [ProjectKorra] MetalShots 1.2 by xLumos loaded! 
[21:36:37] [Server thread/INFO]: MetalWhip has been successfully enabled!
[21:36:37] [Server thread/INFO]: [ProjectKorra] Mirage 1.2 by xLumos loaded! 
[21:36:37] [Server thread/INFO]: [ProjectKorra] PressurePoint 1.1 by xLumos loaded! 
[21:36:37] [Server thread/INFO]: [ProjectKorra] Redirect 1.1 by xLumos loaded! 
[21:36:37] [Server thread/INFO]: [ProjectKorra] SideStep 1.1 by xLumos loaded! 
[21:36:37] [Server thread/INFO]: [ProjectKorra] AirBullet 1.0 by StrangeOne101 enabled!
[21:36:37] [Server thread/INFO]: [ProjectKorra] Succesfully enabled FireSpray by Hiro3
[21:36:37] [Server thread/INFO]: [ProjectKorra] Burrow 1.1 by DreamerBoy loaded! 
[21:36:37] [Server thread/INFO]: [ProjectKorra] MetalCables v2.0 (revived) by Finn_Bueno_ has been loaded!
[21:36:37] [Server thread/INFO]: [ProjectKorra] ElementTrap 1.0 Build 12 by StrangeOne101 and Prride loaded! 
[21:36:38] [Server thread/INFO]: [ProjectKorra] Succesfully enabled AirSpray by Hiro3
[21:36:38] [Server thread/INFO]: [ProjectKorra] Succesfully enabled AirFlow by Hiro3
[21:36:38] [Server thread/INFO]: [ProjectKorra] Succesfully enabled AirPressureLow by Hiro3
[21:36:38] [Server thread/INFO]: [ProjectKorra] Succesfully enabled AirFlowReverse by Hiro3
[21:36:38] [Server thread/INFO]: [ProjectKorra] Succesfully enabled AirSpin by Hiro3
[21:36:38] [Server thread/INFO]: [ProjectKorra] Succesfully enabled AirPressureHigh by Hiro3
[21:36:38] [Server thread/INFO]: [ProjectKorra] Succesfully enabled EarthRift by Hiro3
[21:36:38] [Server thread/INFO]: [ProjectKorra] Succesfully enabled Crush by Hiro3
[21:36:38] [Server thread/INFO]: [ProjectKorra] Succesfully enabled AirSpin by Hiro3
[21:36:38] [Server thread/INFO]: [ProjectKorra] FireBomb 1.0.4 by Greenwolf5 has been sucessfuly enabled. Blame Kiam and Kirby for this move.
[21:36:38] [Server thread/INFO]: [ProjectKorra] CactusBlast v1.1 by StrangeOne101 loaded!
[21:36:38] [Server thread/INFO]: [ProjectKorra] Successfully enabled BloodManipulation 1.0.0 by Seabarrel
[21:36:38] [Server thread/INFO]: [ProjectKorra] AirCocoon AirCocoon Build 1 by Prride (no credits to PokeBloke) loaded! 
[21:36:38] [Server thread/INFO]: [ProjectKorra] Succesfully enabled Sprinkle by Hiro3
[21:36:38] [Server thread/INFO]: [ProjectKorra] Succesfully enabled IceVolley by Hiro3
[21:36:38] [Server thread/INFO]: [ProjectKorra] Shatter 1.1 by DreamerBoy loaded! 
[21:36:38] [Server thread/INFO]: [ProjectKorra] SparklingFire by §4§nDreig_Michihi §61.3.1 has been loaded!
[21:36:38] [Server thread/INFO]: [ProjectKorra] LavaArms v1.1 by StrangeOne101 loaded!
[21:36:38] [Server thread/INFO]: [ProjectKorra] Happy April Fools!
[21:36:38] [Server thread/INFO]: [ProjectKorra] Successfully enabled AirJump by Jacksonnn
[21:36:38] [Server thread/INFO]: [ProjectKorra] Succesfully enabled Smokebomb by Hiro3
[21:36:38] [Server thread/INFO]: [ProjectKorra] Succesfully enabled EarthPulse by Hiro3
[21:36:38] [Server thread/INFO]: [ProjectKorra] Succesfully enabled SeismicWave by Hiro3
[21:36:38] [Server thread/INFO]: [ProjectKorra] Succesfully enabled TerraSense by Hiro3
[21:36:38] [Server thread/INFO]: [ProjectKorra] Succesfully enabled AirWheel by Hiro3
[21:36:38] [Server thread/INFO]: [ProjectKorra] IceCatapult 1.2 by DreamerBoy loaded! 
[21:36:38] [Server thread/INFO]: [ProjectKorra] Successfully enabled HighJump by Numin
[21:36:38] [Server thread/INFO]: [ProjectKorra] BloodRip v1.2 by StrangeOne101 loaded!
[21:36:38] [Server thread/INFO]: [ProjectKorra] You're a good person for installing this ability. Take that how you will. :)
[21:36:38] [Server thread/INFO]: [ProjectKorra] Enabled SummonSelf by Numin
[21:36:39] [Server thread/INFO]: [ProjectKorra] AirBubble 1.0 by StrangeOne101 enabled!
[21:36:39] [Server thread/INFO]: [ProjectKorra] Succesfully enabled PlantWalk by Hiro3
[21:36:39] [Server thread/INFO]: [ProjectKorra] [AvatachTweaks V0.2.9.2] AirSpout by Dreig_Michihi has been loaded!
[21:36:39] [Server thread/INFO]: [ProjectKorra] [AvatachTweaks V0.2.9.2] BlastJump by Dreig_Michihi has been loaded!
[21:36:39] [Server thread/INFO]: [ProjectKorra] [AvatachTweaks V0.2.9.2] SuctionJump by Dreig_Michihi has been loaded!
[21:36:39] [Server thread/INFO]: [ProjectKorra] [AvatachTweaks V0.2.9.2] ShakingOffLava by Dreig_Michihi has been loaded!
[21:36:39] [Server thread/INFO]: [ProjectKorra] [AvatachTweaks V0.2.9.2] Combustion by Dreig_Michihi has been loaded!
[21:36:39] [Server thread/INFO]: [ProjectKorra] [AvatachTweaks V0.2.9.2] IceWave by Dreig_Michihi has been loaded!
[21:36:39] [Server thread/INFO]: [ProjectKorra] [AvatachTweaks V0.2.9.2] IcyClaws by Dreig_Michihi has been loaded!
[21:36:39] [Server thread/INFO]: [ProjectKorra] [AvatachTweaks V0.2.9.2] Rainbending by Dreig_Michihi has been loaded!
[21:36:39] [Server thread/INFO]: [ProjectKorra] EarthDisc 1.4 by DreamerBoy enabled! 
[21:36:39] [Server thread/INFO]: [ProjectKorra] Successfully enabled SandManipulation 1.0.0 by Seabarrel
[21:36:39] [Server thread/WARN]: [ProjectKorra] The ability PlantBurst was not able to load, if this message shows again please remove it!
[21:36:39] [Server thread/WARN]: java.lang.NoSuchMethodError: 'org.bukkit.ChatColor com.projectkorra.projectkorra.Element.getColor()'
[21:36:39] [Server thread/WARN]: 	at com.Pride.korra.PlantBurst.PlantBurst.getVersion(PlantBurst.java:301)
[21:36:39] [Server thread/WARN]: 	at com.Pride.korra.PlantBurst.PlantBurst.load(PlantBurst.java:318)
[21:36:39] [Server thread/WARN]: 	at ProjectKorra-1.11.2(1).jar//com.projectkorra.projectkorra.ability.CoreAbility.registerAddonAbilities(CoreAbility.java:632)
[21:36:39] [Server thread/WARN]: 	at ProjectKorra-1.11.2(1).jar//com.projectkorra.projectkorra.ability.CoreAbility.registerAbilities(CoreAbility.java:526)
[21:36:39] [Server thread/WARN]: 	at ProjectKorra-1.11.2(1).jar//com.projectkorra.projectkorra.ProjectKorra.onEnable(ProjectKorra.java:69)
[21:36:39] [Server thread/WARN]: 	at org.bukkit.plugin.java.JavaPlugin.setEnabled(JavaPlugin.java:264)
[21:36:39] [Server thread/WARN]: 	at org.bukkit.plugin.java.JavaPluginLoader.enablePlugin(JavaPluginLoader.java:370)
[21:36:39] [Server thread/WARN]: 	at org.bukkit.plugin.SimplePluginManager.enablePlugin(SimplePluginManager.java:542)
[21:36:39] [Server thread/WARN]: 	at org.bukkit.craftbukkit.v1_19_R1.CraftServer.enablePlugin(CraftServer.java:563)
[21:36:39] [Server thread/WARN]: 	at org.bukkit.craftbukkit.v1_19_R1.CraftServer.enablePlugins(CraftServer.java:477)
[21:36:39] [Server thread/WARN]: 	at net.minecraft.server.MinecraftServer.loadWorld0(MinecraftServer.java:634)
[21:36:39] [Server thread/WARN]: 	at net.minecraft.server.MinecraftServer.loadLevel(MinecraftServer.java:420)
[21:36:39] [Server thread/WARN]: 	at net.minecraft.server.dedicated.DedicatedServer.e(DedicatedServer.java:306)
[21:36:39] [Server thread/WARN]: 	at net.minecraft.server.MinecraftServer.v(MinecraftServer.java:1122)
[21:36:39] [Server thread/WARN]: 	at net.minecraft.server.MinecraftServer.lambda$spin$0(MinecraftServer.java:303)
[21:36:39] [Server thread/WARN]: 	at java.base/java.lang.Thread.run(Thread.java:1583)
[21:36:39] [Server thread/INFO]: [ProjectKorra] Successfully enabled InnerFlame 1.0.2 by Manu
[21:36:39] [Server thread/INFO]: Pressure v1.5 Developed by Aceliip has been enabled!
[21:36:39] [Server thread/INFO]: [ProjectKorra] Boil 1.2 by DreamerBoy loaded! 
[21:36:39] [Server thread/INFO]: [ProjectKorra] Paralyze by StrangeOne101 v1.3 loaded!
[21:36:39] [Server thread/INFO]: [ProjectKorra] §aEarth abilities by Prride are loaded in!
[21:36:39] [Server thread/WARN]: [ProjectKorra] The ability Stalagmites was not able to load, if this message shows again please remove it!
[21:36:39] [Server thread/WARN]: java.lang.NoSuchMethodError: 'org.bukkit.ChatColor com.projectkorra.projectkorra.Element.getColor()'
[21:36:39] [Server thread/WARN]: 	at me.Pride.loader.Loader.getAuthor(Loader.java:142)
[21:36:39] [Server thread/WARN]: 	at me.Pride.abilities.Stalagmites.getAuthor(Stalagmites.java:197)
[21:36:39] [Server thread/WARN]: 	at ProjectKorra-1.11.2(1).jar//com.projectkorra.projectkorra.ability.CoreAbility.registerAddonAbilities(CoreAbility.java:642)
[21:36:39] [Server thread/WARN]: 	at ProjectKorra-1.11.2(1).jar//com.projectkorra.projectkorra.ability.CoreAbility.registerAbilities(CoreAbility.java:526)
[21:36:39] [Server thread/WARN]: 	at ProjectKorra-1.11.2(1).jar//com.projectkorra.projectkorra.ProjectKorra.onEnable(ProjectKorra.java:69)
[21:36:39] [Server thread/WARN]: 	at org.bukkit.plugin.java.JavaPlugin.setEnabled(JavaPlugin.java:264)
[21:36:39] [Server thread/WARN]: 	at org.bukkit.plugin.java.JavaPluginLoader.enablePlugin(JavaPluginLoader.java:370)
[21:36:39] [Server thread/WARN]: 	at org.bukkit.plugin.SimplePluginManager.enablePlugin(SimplePluginManager.java:542)
[21:36:39] [Server thread/WARN]: 	at org.bukkit.craftbukkit.v1_19_R1.CraftServer.enablePlugin(CraftServer.java:563)
[21:36:39] [Server thread/WARN]: 	at org.bukkit.craftbukkit.v1_19_R1.CraftServer.enablePlugins(CraftServer.java:477)
[21:36:39] [Server thread/WARN]: 	at net.minecraft.server.MinecraftServer.loadWorld0(MinecraftServer.java:634)
[21:36:39] [Server thread/WARN]: 	at net.minecraft.server.MinecraftServer.loadLevel(MinecraftServer.java:420)
[21:36:39] [Server thread/WARN]: 	at net.minecraft.server.dedicated.DedicatedServer.e(DedicatedServer.java:306)
[21:36:39] [Server thread/WARN]: 	at net.minecraft.server.MinecraftServer.v(MinecraftServer.java:1122)
[21:36:39] [Server thread/WARN]: 	at net.minecraft.server.MinecraftServer.lambda$spin$0(MinecraftServer.java:303)
[21:36:39] [Server thread/WARN]: 	at java.base/java.lang.Thread.run(Thread.java:1583)
[21:36:39] [Server thread/INFO]: [ProjectKorra] Loaded MetalTendrils
[21:36:39] [Server thread/INFO]: [ProjectKorra] Establishing SQLite Connection...
[21:36:39] [Server thread/INFO]: [ProjectKorra] [SQLite] Connection established!
[21:36:47] [Server thread/INFO]: [PlaceholderAPI] Successfully registered internal expansion: ProjectKorra [1.11.2]
[21:36:47] [Server thread/INFO]: [PlaceholderAPI] Placeholder expansion registration initializing...
[21:36:47] [Server thread/INFO]: Running delayed init tasks
[21:36:47] [Server thread/INFO]: 0 placeholder hook(s) registered!
[21:36:47] [Server thread/INFO]: Done (35.701s)! For help, type "help"
[21:36:47] [Server thread/INFO]: Timings Reset
[21:36:47] [Craft Scheduler Thread - 5 - ViaVersion/INFO]: [ViaVersion] Finished mapping loading, shutting down loader executor!
[21:36:47] [Craft Scheduler Thread - 7 - ProjectKorra/INFO]: [ProjectKorra] Checking for updates...!
[21:36:48] [Craft Scheduler Thread - 7 - ProjectKorra/INFO]: [ProjectKorra] You are running the latest version of ProjectKorra
[21:37:02] [User Authenticator #1/INFO]: UUID of player Char is ed29d03b-f01b-39dd-ab82-ac3b54f2c88b
[21:37:02] [Netty Epoll Server IO #2/WARN]: [ViaBackwards] Custom worlds heights are NOT SUPPORTED for 1.16 players and older and may lead to errors!
[21:37:02] [Netty Epoll Server IO #2/WARN]: [ViaBackwards] You have min/max set to -64/256
[21:37:02] [Server thread/INFO]: Char joined the game
[21:37:02] [Server thread/INFO]: Char[/[0:0:0:0:0:0:0:1]:57584] logged in with entity id 217 at ([world]-49.76796719456419, 64.0, -31.69999998807907)
[21:37:02] [Craft Scheduler Thread - 7 - ProjectKorra/INFO]: [ProjectKorra] Successfully loaded in all abilities!
[21:37:03] [Netty Epoll Server IO #2/WARN]: [ViaBackwards] Ignoring plugin channel in incoming REGISTER: EAG|UpdateCert-1.8
[21:37:03] [Netty Epoll Server IO #2/WARN]: [ViaBackwards] Ignoring plugin channel in incoming REGISTER: FML
[21:37:03] [Netty Epoll Server IO #2/WARN]: [ViaBackwards] Ignoring plugin channel in incoming REGISTER: EAG|Skins-1.8
[21:37:03] [Netty Epoll Server IO #2/WARN]: [ViaBackwards] Ignoring plugin channel in incoming REGISTER: FORGE
[21:37:04] [Server thread/INFO]: Char issued server command: /b
[21:37:31] [Server thread/INFO]: Char lost connection: Disconnected
[21:37:31] [Server thread/INFO]: Char left the game
